c:\users\njucd\desktop\teamp\optionexcel\debug\vc141.pdb
c:\users\njucd\desktop\teamp\optionexcel\debug\vc141.idb
c:\users\njucd\desktop\teamp\optionexcel\debug\category.obj
c:\users\njucd\desktop\teamp\optionexcel\debug\stringconversions.obj
c:\users\njucd\desktop\teamp\optionexcel\debug\exceldriver.obj
c:\users\njucd\desktop\teamp\optionexcel\debug\excelimports.obj
c:\users\njucd\desktop\teamp\optionexcel\debug\excelmechanisms.obj
c:\users\njucd\desktop\teamp\optionexcel\debug\datasimexception.obj
c:\users\njucd\desktop\teamp\optionexcel\debug\stdafx.obj
c:\users\njucd\desktop\teamp\optionexcel\debug\getdata.obj
c:\users\njucd\desktop\teamp\optionexcel\debug\showdata.obj
c:\users\njucd\desktop\teamp\optionexcel\debug\yematrix.obj
c:\users\njucd\desktop\teamp\optionexcel\debug\stock.obj
c:\users\njucd\desktop\teamp\optionexcel\debug\main.obj
c:\users\njucd\desktop\teamp\debug\teamp.ilk
c:\users\njucd\desktop\teamp\debug\teamp.exe
c:\users\njucd\desktop\teamp\debug\teamp.pdb
c:\users\njucd\desktop\teamp\optionexcel\debug\excel.tli
c:\users\njucd\desktop\teamp\optionexcel\debug\mso.tli
c:\users\njucd\desktop\teamp\optionexcel\debug\vbe6ext.tli
c:\users\njucd\desktop\teamp\optionexcel\debug\excel.tlh
c:\users\njucd\desktop\teamp\optionexcel\debug\mso.tlh
c:\users\njucd\desktop\teamp\optionexcel\debug\vbe6ext.tlh
c:\users\njucd\desktop\teamp\optionexcel\debug\teamp.tlog\cl.command.1.tlog
c:\users\njucd\desktop\teamp\optionexcel\debug\teamp.tlog\cl.read.1.tlog
c:\users\njucd\desktop\teamp\optionexcel\debug\teamp.tlog\cl.write.1.tlog
c:\users\njucd\desktop\teamp\optionexcel\debug\teamp.tlog\link.command.1.tlog
c:\users\njucd\desktop\teamp\optionexcel\debug\teamp.tlog\link.read.1.tlog
c:\users\njucd\desktop\teamp\optionexcel\debug\teamp.tlog\link.write.1.tlog
